0 info it worked if it ends with ok
1 verbose cli [ '/usr/local/Cellar/node/7.4.0/bin/node',
1 verbose cli   '/usr/local/bin/npm',
1 verbose cli   'install' ]
2 info using npm@4.1.1
3 info using node@v7.4.0
4 silly loadCurrentTree Starting
5 silly install loadCurrentTree
6 silly install readLocalPackageData
7 silly install normalizeTree
8 silly loadCurrentTree Finishing
9 silly loadIdealTree Starting
10 silly install loadIdealTree
11 silly cloneCurrentTree Starting
12 silly install cloneCurrentTreeToIdealTree
13 silly cloneCurrentTree Finishing
14 silly loadShrinkwrap Starting
15 silly install loadShrinkwrap
16 silly loadShrinkwrap Finishing
17 silly loadAllDepsIntoIdealTree Starting
18 silly install loadAllDepsIntoIdealTree
19 silly fetchNamedPackageData ejs
20 silly mapToRegistry name ejs
21 silly mapToRegistry using default registry
22 silly mapToRegistry registry https://registry.npmjs.org/
23 silly mapToRegistry data Result {
23 silly mapToRegistry   raw: 'ejs',
23 silly mapToRegistry   scope: null,
23 silly mapToRegistry   escapedName: 'ejs',
23 silly mapToRegistry   name: 'ejs',
23 silly mapToRegistry   rawSpec: '',
23 silly mapToRegistry   spec: 'latest',
23 silly mapToRegistry   type: 'tag' }
24 silly mapToRegistry uri https://registry.npmjs.org/ejs
25 verbose request uri https://registry.npmjs.org/ejs
26 verbose request no auth needed
27 info attempt registry request try #1 at 16:36:04
28 verbose request id 75a240e77e42f727
29 verbose etag W/"599be395-112b1"
30 verbose lastModified Tue, 22 Aug 2017 07:56:05 GMT
31 http request GET https://registry.npmjs.org/ejs
32 http 200 https://registry.npmjs.org/ejs
33 verbose headers { server: 'nginx/1.10.1',
33 verbose headers   'content-type': 'application/json',
33 verbose headers   'last-modified': 'Wed, 11 Oct 2017 15:48:20 GMT',
33 verbose headers   etag: 'W/"59de3d44-1133a"',
33 verbose headers   'content-encoding': 'gzip',
33 verbose headers   'cache-control': 'max-age=300',
33 verbose headers   'content-length': '11264',
33 verbose headers   'accept-ranges': 'bytes',
33 verbose headers   date: 'Fri, 13 Oct 2017 08:36:05 GMT',
33 verbose headers   via: '1.1 varnish',
33 verbose headers   age: '39',
33 verbose headers   connection: 'close',
33 verbose headers   'x-served-by': 'cache-bur17547-BUR',
33 verbose headers   'x-cache': 'HIT',
33 verbose headers   'x-cache-hits': '1',
33 verbose headers   'x-timer': 'S1507883765.417027,VS0,VE0',
33 verbose headers   vary: 'Accept-Encoding, Accept' }
34 silly get cb [ 200,
34 silly get   { server: 'nginx/1.10.1',
34 silly get     'content-type': 'application/json',
34 silly get     'last-modified': 'Wed, 11 Oct 2017 15:48:20 GMT',
34 silly get     etag: 'W/"59de3d44-1133a"',
34 silly get     'content-encoding': 'gzip',
34 silly get     'cache-control': 'max-age=300',
34 silly get     'content-length': '11264',
34 silly get     'accept-ranges': 'bytes',
34 silly get     date: 'Fri, 13 Oct 2017 08:36:05 GMT',
34 silly get     via: '1.1 varnish',
34 silly get     age: '39',
34 silly get     connection: 'close',
34 silly get     'x-served-by': 'cache-bur17547-BUR',
34 silly get     'x-cache': 'HIT',
34 silly get     'x-cache-hits': '1',
34 silly get     'x-timer': 'S1507883765.417027,VS0,VE0',
34 silly get     vary: 'Accept-Encoding, Accept' } ]
35 verbose get saving ejs to /Users/anjia/.npm/registry.npmjs.org/ejs/.cache.json
36 verbose correctMkdir /Users/anjia/.npm correctMkdir not in flight; initializing
37 silly pickManifestFromRegistryMetadata spec >=1.11.0 <1.12.0 tag latest versions [ '0.0.1',
37 silly pickManifestFromRegistryMetadata   '0.0.2',
37 silly pickManifestFromRegistryMetadata   '0.0.3',
37 silly pickManifestFromRegistryMetadata   '0.0.4',
37 silly pickManifestFromRegistryMetadata   '0.1.0',
37 silly pickManifestFromRegistryMetadata   '0.2.0',
37 silly pickManifestFromRegistryMetadata   '0.2.1',
37 silly pickManifestFromRegistryMetadata   '0.3.0',
37 silly pickManifestFromRegistryMetadata   '0.3.1',
37 silly pickManifestFromRegistryMetadata   '0.4.0',
37 silly pickManifestFromRegistryMetadata   '0.4.1',
37 silly pickManifestFromRegistryMetadata   '0.4.2',
37 silly pickManifestFromRegistryMetadata   '0.4.3',
37 silly pickManifestFromRegistryMetadata   '0.5.0',
37 silly pickManifestFromRegistryMetadata   '0.6.0',
37 silly pickManifestFromRegistryMetadata   '0.6.1',
37 silly pickManifestFromRegistryMetadata   '0.7.0',
37 silly pickManifestFromRegistryMetadata   '0.7.1',
37 silly pickManifestFromRegistryMetadata   '0.7.2',
37 silly pickManifestFromRegistryMetadata   '0.8.0',
37 silly pickManifestFromRegistryMetadata   '0.8.1',
37 silly pickManifestFromRegistryMetadata   '0.8.2',
37 silly pickManifestFromRegistryMetadata   '0.8.3',
37 silly pickManifestFromRegistryMetadata   '0.8.4',
37 silly pickManifestFromRegistryMetadata   '0.8.5',
37 silly pickManifestFromRegistryMetadata   '0.8.6',
37 silly pickManifestFromRegistryMetadata   '0.8.8',
37 silly pickManifestFromRegistryMetadata   '1.0.0',
37 silly pickManifestFromRegistryMetadata   '2.0.2',
37 silly pickManifestFromRegistryMetadata   '2.0.3',
37 silly pickManifestFromRegistryMetadata   '2.0.4',
37 silly pickManifestFromRegistryMetadata   '2.0.5',
37 silly pickManifestFromRegistryMetadata   '2.0.6',
37 silly pickManifestFromRegistryMetadata   '2.0.7',
37 silly pickManifestFromRegistryMetadata   '2.0.8',
37 silly pickManifestFromRegistryMetadata   '2.1.1',
37 silly pickManifestFromRegistryMetadata   '2.1.2',
37 silly pickManifestFromRegistryMetadata   '2.1.3',
37 silly pickManifestFromRegistryMetadata   '2.1.4',
37 silly pickManifestFromRegistryMetadata   '2.2.1',
37 silly pickManifestFromRegistryMetadata   '2.2.2',
37 silly pickManifestFromRegistryMetadata   '2.2.3',
37 silly pickManifestFromRegistryMetadata   '2.2.4',
37 silly pickManifestFromRegistryMetadata   '2.3.1',
37 silly pickManifestFromRegistryMetadata   '2.3.2',
37 silly pickManifestFromRegistryMetadata   '2.3.3',
37 silly pickManifestFromRegistryMetadata   '2.3.4',
37 silly pickManifestFromRegistryMetadata   '2.4.1',
37 silly pickManifestFromRegistryMetadata   '2.4.2',
37 silly pickManifestFromRegistryMetadata   '2.5.1',
37 silly pickManifestFromRegistryMetadata   '2.5.2',
37 silly pickManifestFromRegistryMetadata   '2.5.3',
37 silly pickManifestFromRegistryMetadata   '2.5.4',
37 silly pickManifestFromRegistryMetadata   '2.5.5',
37 silly pickManifestFromRegistryMetadata   '2.5.6',
37 silly pickManifestFromRegistryMetadata   '2.5.7' ]
38 silly fetchPackageMetaData Error: No compatible version found: ejs@~1.11.0
38 silly fetchPackageMetaData Valid install targets:
38 silly fetchPackageMetaData 0.0.1, 0.0.2, 0.0.3, 0.0.4, 0.1.0, 0.2.0, 0.2.1, 0.3.0, 0.3.1, 0.4.0, 0.4.1, 0.4.2, 0.4.3, 0.5.0, 0.6.0, 0.6.1, 0.7.0, 0.7.1, 0.7.2, 0.8.0, 0.8.1, 0.8.2, 0.8.3, 0.8.4, 0.8.5, 0.8.6, 0.8.8, 1.0.0, 2.0.2, 2.0.3, 2.0.4, 2.0.5, 2.0.6, 2.0.7, 2.0.8, 2.1.1, 2.1.2, 2.1.3, 2.1.4, 2.2.1, 2.2.2, 2.2.3, 2.2.4, 2.3.1, 2.3.2, 2.3.3, 2.3.4, 2.4.1, 2.4.2, 2.5.1, 2.5.2, 2.5.3, 2.5.4, 2.5.5, 2.5.6, 2.5.7
38 silly fetchPackageMetaData
38 silly fetchPackageMetaData     at pickVersionFromRegistryDocument (/usr/local/lib/node_modules/npm/lib/fetch-package-metadata.js:158:16)
38 silly fetchPackageMetaData     at /usr/local/lib/node_modules/npm/node_modules/iferr/index.js:13:50
38 silly fetchPackageMetaData     at /usr/local/lib/node_modules/npm/lib/utils/pulse-till-done.js:20:8
38 silly fetchPackageMetaData     at saved (/usr/local/lib/node_modules/npm/lib/cache/caching-client.js:174:7)
38 silly fetchPackageMetaData     at /usr/local/lib/node_modules/npm/node_modules/graceful-fs/polyfills.js:261:18
38 silly fetchPackageMetaData     at FSReqWrap.oncomplete (fs.js:112:15)
38 silly fetchPackageMetaData  error for ejs@~1.11.0 { Error: No compatible version found: ejs@~1.11.0
38 silly fetchPackageMetaData Valid install targets:
38 silly fetchPackageMetaData 0.0.1, 0.0.2, 0.0.3, 0.0.4, 0.1.0, 0.2.0, 0.2.1, 0.3.0, 0.3.1, 0.4.0, 0.4.1, 0.4.2, 0.4.3, 0.5.0, 0.6.0, 0.6.1, 0.7.0, 0.7.1, 0.7.2, 0.8.0, 0.8.1, 0.8.2, 0.8.3, 0.8.4, 0.8.5, 0.8.6, 0.8.8, 1.0.0, 2.0.2, 2.0.3, 2.0.4, 2.0.5, 2.0.6, 2.0.7, 2.0.8, 2.1.1, 2.1.2, 2.1.3, 2.1.4, 2.2.1, 2.2.2, 2.2.3, 2.2.4, 2.3.1, 2.3.2, 2.3.3, 2.3.4, 2.4.1, 2.4.2, 2.5.1, 2.5.2, 2.5.3, 2.5.4, 2.5.5, 2.5.6, 2.5.7
38 silly fetchPackageMetaData
38 silly fetchPackageMetaData     at pickVersionFromRegistryDocument (/usr/local/lib/node_modules/npm/lib/fetch-package-metadata.js:158:16)
38 silly fetchPackageMetaData     at /usr/local/lib/node_modules/npm/node_modules/iferr/index.js:13:50
38 silly fetchPackageMetaData     at /usr/local/lib/node_modules/npm/lib/utils/pulse-till-done.js:20:8
38 silly fetchPackageMetaData     at saved (/usr/local/lib/node_modules/npm/lib/cache/caching-client.js:174:7)
38 silly fetchPackageMetaData     at /usr/local/lib/node_modules/npm/node_modules/graceful-fs/polyfills.js:261:18
38 silly fetchPackageMetaData     at FSReqWrap.oncomplete (fs.js:112:15) code: 'ETARGET' }
39 silly rollbackFailedOptional Starting
40 silly rollbackFailedOptional Finishing
41 silly runTopLevelLifecycles Finishing
42 silly install printInstalled
43 verbose stack Error: No compatible version found: ejs@~1.11.0
43 verbose stack Valid install targets:
43 verbose stack 0.0.1, 0.0.2, 0.0.3, 0.0.4, 0.1.0, 0.2.0, 0.2.1, 0.3.0, 0.3.1, 0.4.0, 0.4.1, 0.4.2, 0.4.3, 0.5.0, 0.6.0, 0.6.1, 0.7.0, 0.7.1, 0.7.2, 0.8.0, 0.8.1, 0.8.2, 0.8.3, 0.8.4, 0.8.5, 0.8.6, 0.8.8, 1.0.0, 2.0.2, 2.0.3, 2.0.4, 2.0.5, 2.0.6, 2.0.7, 2.0.8, 2.1.1, 2.1.2, 2.1.3, 2.1.4, 2.2.1, 2.2.2, 2.2.3, 2.2.4, 2.3.1, 2.3.2, 2.3.3, 2.3.4, 2.4.1, 2.4.2, 2.5.1, 2.5.2, 2.5.3, 2.5.4, 2.5.5, 2.5.6, 2.5.7
43 verbose stack
43 verbose stack     at pickVersionFromRegistryDocument (/usr/local/lib/node_modules/npm/lib/fetch-package-metadata.js:158:16)
43 verbose stack     at /usr/local/lib/node_modules/npm/node_modules/iferr/index.js:13:50
43 verbose stack     at /usr/local/lib/node_modules/npm/lib/utils/pulse-till-done.js:20:8
43 verbose stack     at saved (/usr/local/lib/node_modules/npm/lib/cache/caching-client.js:174:7)
43 verbose stack     at /usr/local/lib/node_modules/npm/node_modules/graceful-fs/polyfills.js:261:18
43 verbose stack     at FSReqWrap.oncomplete (fs.js:112:15)
44 verbose cwd /Users/anjia/Desktop/DevTools/demo
45 error Darwin 15.6.0
46 error argv "/usr/local/Cellar/node/7.4.0/bin/node" "/usr/local/bin/npm" "install"
47 error node v7.4.0
48 error npm  v4.1.1
49 error code ETARGET
50 error notarget No compatible version found: ejs@~1.11.0
50 error notarget Valid install targets:
50 error notarget 0.0.1, 0.0.2, 0.0.3, 0.0.4, 0.1.0, 0.2.0, 0.2.1, 0.3.0, 0.3.1, 0.4.0, 0.4.1, 0.4.2, 0.4.3, 0.5.0, 0.6.0, 0.6.1, 0.7.0, 0.7.1, 0.7.2, 0.8.0, 0.8.1, 0.8.2, 0.8.3, 0.8.4, 0.8.5, 0.8.6, 0.8.8, 1.0.0, 2.0.2, 2.0.3, 2.0.4, 2.0.5, 2.0.6, 2.0.7, 2.0.8, 2.1.1, 2.1.2, 2.1.3, 2.1.4, 2.2.1, 2.2.2, 2.2.3, 2.2.4, 2.3.1, 2.3.2, 2.3.3, 2.3.4, 2.4.1, 2.4.2, 2.5.1, 2.5.2, 2.5.3, 2.5.4, 2.5.5, 2.5.6, 2.5.7
51 error notarget This is most likely not a problem with npm itself.
51 error notarget In most cases you or one of your dependencies are requesting
51 error notarget a package version that doesn't exist.
51 error notarget
51 error notarget It was specified as a dependency of 'demo'
52 verbose exit [ 1, true ]
